<?xml version="1.0" encoding="UTF-8"?>
<testng-results ignored="0" total="17" passed="17" failed="0" skipped="0">
  <reporter-output>
  </reporter-output>
  <suite started-at="2024-07-23T22:10:22 IST" name="Default suite" finished-at="2024-07-23T22:22:46 IST" duration-ms="744119">
    <groups>
    </groups>
    <test started-at="2024-07-23T22:10:22 IST" name="Default test" finished-at="2024-07-23T22:22:46 IST" duration-ms="744119">
      <class name="com.TestCases.ProductTest">
        <test-method is-config="true" signature="setup()[pri:0, instance:com.TestCases.ProductTest@729d991e]" started-at="2024-07-23T22:10:22 IST" name="setup" finished-at="2024-07-23T22:11:26 IST" duration-ms="63424" status="PASS">
          <reporter-output>
          </reporter-output>
        </test-method> <!-- setup -->
        <test-method signature="testProductDetails()[pri:0, instance:com.TestCases.ProductTest@729d991e]" started-at="2024-07-23T22:11:26 IST" name="testProductDetails" finished-at="2024-07-23T22:11:26 IST" duration-ms="532" status="PASS">
          <reporter-output>
          </reporter-output>
        </test-method> <!-- testProductDetails -->
        <test-method is-config="true" signature="tearDown()[pri:0, instance:com.TestCases.ProductTest@729d991e]" started-at="2024-07-23T22:11:26 IST" name="tearDown" finished-at="2024-07-23T22:11:27 IST" duration-ms="167" status="PASS">
          <reporter-output>
          </reporter-output>
        </test-method> <!-- tearDown -->
        <test-method is-config="true" signature="setup()[pri:0, instance:com.TestCases.ProductTest@729d991e]" started-at="2024-07-23T22:11:27 IST" name="setup" finished-at="2024-07-23T22:12:20 IST" duration-ms="53597" status="PASS">
          <reporter-output>
          </reporter-output>
        </test-method> <!-- setup -->
        <test-method signature="testProductListing()[pri:0, instance:com.TestCases.ProductTest@729d991e]" started-at="2024-07-23T22:12:20 IST" name="testProductListing" finished-at="2024-07-23T22:12:20 IST" duration-ms="26" status="PASS">
          <reporter-output>
          </reporter-output>
        </test-method> <!-- testProductListing -->
        <test-method is-config="true" signature="tearDown()[pri:0, instance:com.TestCases.ProductTest@729d991e]" started-at="2024-07-23T22:12:20 IST" name="tearDown" finished-at="2024-07-23T22:12:20 IST" duration-ms="167" status="PASS">
          <reporter-output>
          </reporter-output>
        </test-method> <!-- tearDown -->
        <test-method is-config="true" signature="setup()[pri:0, instance:com.TestCases.ProductTest@729d991e]" started-at="2024-07-23T22:12:20 IST" name="setup" finished-at="2024-07-23T22:13:13 IST" duration-ms="52907" status="PASS">
          <reporter-output>
          </reporter-output>
        </test-method> <!-- setup -->
        <test-method signature="testProductSorting()[pri:0, instance:com.TestCases.ProductTest@729d991e]" started-at="2024-07-23T22:13:13 IST" name="testProductSorting" finished-at="2024-07-23T22:13:13 IST" duration-ms="224" status="PASS">
          <reporter-output>
          </reporter-output>
        </test-method> <!-- testProductSorting -->
        <test-method is-config="true" signature="tearDown()[pri:0, instance:com.TestCases.ProductTest@729d991e]" started-at="2024-07-23T22:13:13 IST" name="tearDown" finished-at="2024-07-23T22:13:14 IST" duration-ms="154" status="PASS">
          <reporter-output>
          </reporter-output>
        </test-method> <!-- tearDown -->
      </class> <!-- com.TestCases.ProductTest -->
      <class name="com.TestCases.SwagLoginTest">
        <test-method is-config="true" signature="setup()[pri:0, instance:com.TestCases.SwagLoginTest@5e600dd5]" started-at="2024-07-23T22:13:14 IST" name="setup" finished-at="2024-07-23T22:13:16 IST" duration-ms="2218" status="PASS">
          <reporter-output>
          </reporter-output>
        </test-method> <!-- setup -->
        <test-method signature="testEmptyCredentials()[pri:0, instance:com.TestCases.SwagLoginTest@5e600dd5]" started-at="2024-07-23T22:13:16 IST" name="testEmptyCredentials" finished-at="2024-07-23T22:13:16 IST" duration-ms="302" status="PASS">
          <reporter-output>
          </reporter-output>
        </test-method> <!-- testEmptyCredentials -->
        <test-method is-config="true" signature="tearDown()[pri:0, instance:com.TestCases.SwagLoginTest@5e600dd5]" started-at="2024-07-23T22:13:16 IST" name="tearDown" finished-at="2024-07-23T22:13:16 IST" duration-ms="155" status="PASS">
          <reporter-output>
          </reporter-output>
        </test-method> <!-- tearDown -->
        <test-method is-config="true" signature="setup()[pri:0, instance:com.TestCases.SwagLoginTest@5e600dd5]" started-at="2024-07-23T22:13:16 IST" name="setup" finished-at="2024-07-23T22:13:18 IST" duration-ms="2053" status="PASS">
          <reporter-output>
          </reporter-output>
        </test-method> <!-- setup -->
        <test-method signature="testHomepageNavigation()[pri:0, instance:com.TestCases.SwagLoginTest@5e600dd5]" started-at="2024-07-23T22:13:18 IST" name="testHomepageNavigation" finished-at="2024-07-23T22:14:08 IST" duration-ms="49729" status="PASS">
          <reporter-output>
          </reporter-output>
        </test-method> <!-- testHomepageNavigation -->
        <test-method is-config="true" signature="tearDown()[pri:0, instance:com.TestCases.SwagLoginTest@5e600dd5]" started-at="2024-07-23T22:14:08 IST" name="tearDown" finished-at="2024-07-23T22:14:08 IST" duration-ms="163" status="PASS">
          <reporter-output>
          </reporter-output>
        </test-method> <!-- tearDown -->
        <test-method is-config="true" signature="setup()[pri:0, instance:com.TestCases.SwagLoginTest@5e600dd5]" started-at="2024-07-23T22:14:08 IST" name="setup" finished-at="2024-07-23T22:14:12 IST" duration-ms="3742" status="PASS">
          <reporter-output>
          </reporter-output>
        </test-method> <!-- setup -->
        <test-method signature="testInvalidLogin()[pri:0, instance:com.TestCases.SwagLoginTest@5e600dd5]" started-at="2024-07-23T22:14:12 IST" name="testInvalidLogin" finished-at="2024-07-23T22:14:12 IST" duration-ms="314" status="PASS">
          <reporter-output>
          </reporter-output>
        </test-method> <!-- testInvalidLogin -->
        <test-method is-config="true" signature="tearDown()[pri:0, instance:com.TestCases.SwagLoginTest@5e600dd5]" started-at="2024-07-23T22:14:12 IST" name="tearDown" finished-at="2024-07-23T22:14:12 IST" duration-ms="170" status="PASS">
          <reporter-output>
          </reporter-output>
        </test-method> <!-- tearDown -->
        <test-method is-config="true" signature="setup()[pri:0, instance:com.TestCases.SwagLoginTest@5e600dd5]" started-at="2024-07-23T22:14:12 IST" name="setup" finished-at="2024-07-23T22:14:16 IST" duration-ms="3912" status="PASS">
          <reporter-output>
          </reporter-output>
        </test-method> <!-- setup -->
        <test-method signature="testLockedOutUser()[pri:0, instance:com.TestCases.SwagLoginTest@5e600dd5]" started-at="2024-07-23T22:14:16 IST" name="testLockedOutUser" finished-at="2024-07-23T22:14:17 IST" duration-ms="407" status="PASS">
          <reporter-output>
          </reporter-output>
        </test-method> <!-- testLockedOutUser -->
        <test-method is-config="true" signature="tearDown()[pri:0, instance:com.TestCases.SwagLoginTest@5e600dd5]" started-at="2024-07-23T22:14:17 IST" name="tearDown" finished-at="2024-07-23T22:14:17 IST" duration-ms="180" status="PASS">
          <reporter-output>
          </reporter-output>
        </test-method> <!-- tearDown -->
        <test-method is-config="true" signature="setup()[pri:0, instance:com.TestCases.SwagLoginTest@5e600dd5]" started-at="2024-07-23T22:14:17 IST" name="setup" finished-at="2024-07-23T22:14:20 IST" duration-ms="3018" status="PASS">
          <reporter-output>
          </reporter-output>
        </test-method> <!-- setup -->
        <test-method signature="testLogout()[pri:0, instance:com.TestCases.SwagLoginTest@5e600dd5]" started-at="2024-07-23T22:14:20 IST" name="testLogout" finished-at="2024-07-23T22:15:10 IST" duration-ms="49596" status="PASS">
          <reporter-output>
          </reporter-output>
        </test-method> <!-- testLogout -->
        <test-method is-config="true" signature="tearDown()[pri:0, instance:com.TestCases.SwagLoginTest@5e600dd5]" started-at="2024-07-23T22:15:10 IST" name="tearDown" finished-at="2024-07-23T22:15:10 IST" duration-ms="181" status="PASS">
          <reporter-output>
          </reporter-output>
        </test-method> <!-- tearDown -->
        <test-method is-config="true" signature="setup()[pri:0, instance:com.TestCases.SwagLoginTest@5e600dd5]" started-at="2024-07-23T22:15:10 IST" name="setup" finished-at="2024-07-23T22:15:12 IST" duration-ms="1962" status="PASS">
          <reporter-output>
          </reporter-output>
        </test-method> <!-- setup -->
        <test-method signature="testValidLogin()[pri:0, instance:com.TestCases.SwagLoginTest@5e600dd5]" started-at="2024-07-23T22:15:12 IST" name="testValidLogin" finished-at="2024-07-23T22:15:48 IST" duration-ms="36653" status="PASS">
          <reporter-output>
          </reporter-output>
        </test-method> <!-- testValidLogin -->
        <test-method is-config="true" signature="tearDown()[pri:0, instance:com.TestCases.SwagLoginTest@5e600dd5]" started-at="2024-07-23T22:15:48 IST" name="tearDown" finished-at="2024-07-23T22:15:49 IST" duration-ms="193" status="PASS">
          <reporter-output>
          </reporter-output>
        </test-method> <!-- tearDown -->
      </class> <!-- com.TestCases.SwagLoginTest -->
      <class name="com.TestCases.CartTest">
        <test-method is-config="true" signature="setup()[pri:0, instance:com.TestCases.CartTest@5d534f5d]" started-at="2024-07-23T22:17:28 IST" name="setup" finished-at="2024-07-23T22:18:07 IST" duration-ms="39058" status="PASS">
          <reporter-output>
          </reporter-output>
        </test-method> <!-- setup -->
        <test-method signature="testAddToCart()[pri:0, instance:com.TestCases.CartTest@5d534f5d]" started-at="2024-07-23T22:18:07 IST" name="testAddToCart" finished-at="2024-07-23T22:18:08 IST" duration-ms="199" status="PASS">
          <reporter-output>
          </reporter-output>
        </test-method> <!-- testAddToCart -->
        <test-method is-config="true" signature="tearDown()[pri:0, instance:com.TestCases.CartTest@5d534f5d]" started-at="2024-07-23T22:18:08 IST" name="tearDown" finished-at="2024-07-23T22:18:08 IST" duration-ms="215" status="PASS">
          <reporter-output>
          </reporter-output>
        </test-method> <!-- tearDown -->
        <test-method is-config="true" signature="setup()[pri:0, instance:com.TestCases.CartTest@5d534f5d]" started-at="2024-07-23T22:18:08 IST" name="setup" finished-at="2024-07-23T22:19:02 IST" duration-ms="53815" status="PASS">
          <reporter-output>
          </reporter-output>
        </test-method> <!-- setup -->
        <test-method signature="testCartBadgeCount()[pri:0, instance:com.TestCases.CartTest@5d534f5d]" started-at="2024-07-23T22:19:02 IST" name="testCartBadgeCount" finished-at="2024-07-23T22:19:02 IST" duration-ms="271" status="PASS">
          <reporter-output>
          </reporter-output>
        </test-method> <!-- testCartBadgeCount -->
        <test-method is-config="true" signature="tearDown()[pri:0, instance:com.TestCases.CartTest@5d534f5d]" started-at="2024-07-23T22:19:02 IST" name="tearDown" finished-at="2024-07-23T22:19:02 IST" duration-ms="174" status="PASS">
          <reporter-output>
          </reporter-output>
        </test-method> <!-- tearDown -->
        <test-method is-config="true" signature="setup()[pri:0, instance:com.TestCases.CartTest@5d534f5d]" started-at="2024-07-23T22:19:02 IST" name="setup" finished-at="2024-07-23T22:19:52 IST" duration-ms="49756" status="PASS">
          <reporter-output>
          </reporter-output>
        </test-method> <!-- setup -->
        <test-method signature="testRemoveFromCart()[pri:0, instance:com.TestCases.CartTest@5d534f5d]" started-at="2024-07-23T22:19:52 IST" name="testRemoveFromCart" finished-at="2024-07-23T22:19:52 IST" duration-ms="235" status="PASS">
          <reporter-output>
          </reporter-output>
        </test-method> <!-- testRemoveFromCart -->
        <test-method is-config="true" signature="tearDown()[pri:0, instance:com.TestCases.CartTest@5d534f5d]" started-at="2024-07-23T22:19:52 IST" name="tearDown" finished-at="2024-07-23T22:19:52 IST" duration-ms="173" status="PASS">
          <reporter-output>
          </reporter-output>
        </test-method> <!-- tearDown -->
      </class> <!-- com.TestCases.CartTest -->
      <class name="com.TestCases.PerformanceSecurityTest">
        <test-method is-config="true" signature="setup()[pri:0, instance:com.TestCases.PerformanceSecurityTest@576d5deb]" started-at="2024-07-23T22:15:49 IST" name="setup" finished-at="2024-07-23T22:16:39 IST" duration-ms="50873" status="PASS">
          <reporter-output>
          </reporter-output>
        </test-method> <!-- setup -->
        <test-method signature="testPageLoadTime()[pri:0, instance:com.TestCases.PerformanceSecurityTest@576d5deb]" started-at="2024-07-23T22:16:39 IST" name="testPageLoadTime" finished-at="2024-07-23T22:16:40 IST" duration-ms="178" status="PASS">
          <reporter-output>
          </reporter-output>
        </test-method> <!-- testPageLoadTime -->
        <test-method is-config="true" signature="tearDown()[pri:0, instance:com.TestCases.PerformanceSecurityTest@576d5deb]" started-at="2024-07-23T22:16:40 IST" name="tearDown" finished-at="2024-07-23T22:16:40 IST" duration-ms="212" status="PASS">
          <reporter-output>
          </reporter-output>
        </test-method> <!-- tearDown -->
        <test-method is-config="true" signature="setup()[pri:0, instance:com.TestCases.PerformanceSecurityTest@576d5deb]" started-at="2024-07-23T22:16:40 IST" name="setup" finished-at="2024-07-23T22:17:28 IST" duration-ms="48111" status="PASS">
          <reporter-output>
          </reporter-output>
        </test-method> <!-- setup -->
        <test-method signature="testSecureConnection()[pri:0, instance:com.TestCases.PerformanceSecurityTest@576d5deb]" started-at="2024-07-23T22:17:28 IST" name="testSecureConnection" finished-at="2024-07-23T22:17:28 IST" duration-ms="20" status="PASS">
          <reporter-output>
          </reporter-output>
        </test-method> <!-- testSecureConnection -->
        <test-method is-config="true" signature="tearDown()[pri:0, instance:com.TestCases.PerformanceSecurityTest@576d5deb]" started-at="2024-07-23T22:17:28 IST" name="tearDown" finished-at="2024-07-23T22:17:28 IST" duration-ms="282" status="PASS">
          <reporter-output>
          </reporter-output>
        </test-method> <!-- tearDown -->
      </class> <!-- com.TestCases.PerformanceSecurityTest -->
      <class name="com.TestCases.CheckoutTest">
        <test-method is-config="true" signature="setup()[pri:0, instance:com.TestCases.CheckoutTest@2e3967ea]" started-at="2024-07-23T22:19:52 IST" name="setup" finished-at="2024-07-23T22:20:44 IST" duration-ms="51786" status="PASS">
          <reporter-output>
          </reporter-output>
        </test-method> <!-- setup -->
        <test-method signature="testCheckoutFlow()[pri:0, instance:com.TestCases.CheckoutTest@2e3967ea]" started-at="2024-07-23T22:20:44 IST" name="testCheckoutFlow" finished-at="2024-07-23T22:20:48 IST" duration-ms="3724" status="PASS">
          <reporter-output>
          </reporter-output>
        </test-method> <!-- testCheckoutFlow -->
        <test-method is-config="true" signature="tearDown()[pri:0, instance:com.TestCases.CheckoutTest@2e3967ea]" started-at="2024-07-23T22:20:48 IST" name="tearDown" finished-at="2024-07-23T22:20:48 IST" duration-ms="188" status="PASS">
          <reporter-output>
          </reporter-output>
        </test-method> <!-- tearDown -->
        <test-method is-config="true" signature="setup()[pri:0, instance:com.TestCases.CheckoutTest@2e3967ea]" started-at="2024-07-23T22:20:48 IST" name="setup" finished-at="2024-07-23T22:21:41 IST" duration-ms="53153" status="PASS">
          <reporter-output>
          </reporter-output>
        </test-method> <!-- setup -->
        <test-method signature="testCheckoutInformationRequired()[pri:0, instance:com.TestCases.CheckoutTest@2e3967ea]" started-at="2024-07-23T22:21:41 IST" name="testCheckoutInformationRequired" finished-at="2024-07-23T22:21:42 IST" duration-ms="1016" status="PASS">
          <reporter-output>
          </reporter-output>
        </test-method> <!-- testCheckoutInformationRequired -->
        <test-method is-config="true" signature="tearDown()[pri:0, instance:com.TestCases.CheckoutTest@2e3967ea]" started-at="2024-07-23T22:21:42 IST" name="tearDown" finished-at="2024-07-23T22:21:42 IST" duration-ms="155" status="PASS">
          <reporter-output>
          </reporter-output>
        </test-method> <!-- tearDown -->
        <test-method is-config="true" signature="setup()[pri:0, instance:com.TestCases.CheckoutTest@2e3967ea]" started-at="2024-07-23T22:21:42 IST" name="setup" finished-at="2024-07-23T22:22:46 IST" duration-ms="63904" status="PASS">
          <reporter-output>
          </reporter-output>
        </test-method> <!-- setup -->
        <test-method signature="testCheckoutWithEmptyCart()[pri:0, instance:com.TestCases.CheckoutTest@2e3967ea]" started-at="2024-07-23T22:22:46 IST" name="testCheckoutWithEmptyCart" finished-at="2024-07-23T22:22:46 IST" duration-ms="219" status="PASS">
          <reporter-output>
          </reporter-output>
        </test-method> <!-- testCheckoutWithEmptyCart -->
        <test-method is-config="true" signature="tearDown()[pri:0, instance:com.TestCases.CheckoutTest@2e3967ea]" started-at="2024-07-23T22:22:46 IST" name="tearDown" finished-at="2024-07-23T22:22:46 IST" duration-ms="151" status="PASS">
          <reporter-output>
          </reporter-output>
        </test-method> <!-- tearDown -->
      </class> <!-- com.TestCases.CheckoutTest -->
    </test> <!-- Default test -->
  </suite> <!-- Default suite -->
</testng-results>
