<?xml version="1.0" encoding="UTF-8"?>
<!-- Generated by org.testng.reporters.JUnitXMLReporter -->
<testsuite ignored="0" hostname="LAPTOP-0BO0RH1S" failures="0" tests="17" name="Default test" time="744.119" errors="0" timestamp="2024-07-23T22:22:46 IST">
  <testcase classname="com.TestCases.ProductTest" name="testProductDetails" time="0.532"/>
  <testcase classname="com.TestCases.ProductTest" name="testProductListing" time="0.026"/>
  <testcase classname="com.TestCases.ProductTest" name="testProductSorting" time="0.224"/>
  <testcase classname="com.TestCases.SwagLoginTest" name="testEmptyCredentials" time="0.302"/>
  <testcase classname="com.TestCases.SwagLoginTest" name="testHomepageNavigation" time="49.729"/>
  <testcase classname="com.TestCases.SwagLoginTest" name="testInvalidLogin" time="0.314"/>
  <testcase classname="com.TestCases.SwagLoginTest" name="testLockedOutUser" time="0.407"/>
  <testcase classname="com.TestCases.SwagLoginTest" name="testLogout" time="49.596"/>
  <testcase classname="com.TestCases.SwagLoginTest" name="testValidLogin" time="36.653"/>
  <testcase classname="com.TestCases.PerformanceSecurityTest" name="testPageLoadTime" time="0.178"/>
  <testcase classname="com.TestCases.PerformanceSecurityTest" name="testSecureConnection" time="0.02"/>
  <testcase classname="com.TestCases.CartTest" name="testAddToCart" time="0.199"/>
  <testcase classname="com.TestCases.CartTest" name="testCartBadgeCount" time="0.271"/>
  <testcase classname="com.TestCases.CartTest" name="testRemoveFromCart" time="0.235"/>
  <testcase classname="com.TestCases.CheckoutTest" name="testCheckoutFlow" time="3.724"/>
  <testcase classname="com.TestCases.CheckoutTest" name="testCheckoutInformationRequired" time="1.016"/>
  <testcase classname="com.TestCases.CheckoutTest" name="testCheckoutWithEmptyCart" time="0.219"/>
</testsuite> <!-- Default test -->
